
PWM_All_Channel.elf:     file format elf32-littleriscv
PWM_All_Channel.elf
architecture: riscv:rv32, flags 0x00000112:
EXEC_P, HAS_SYMS, D_PAGED
start address 0x00000000

Program Header:
    LOAD off    0x00001000 vaddr 0x00000000 paddr 0x00000000 align 2**12
         filesz 0x00000ab0 memsz 0x00000ab0 flags r-x
    LOAD off    0x00002000 vaddr 0x20000000 paddr 0x00000ab0 align 2**12
         filesz 0x00000008 memsz 0x00000010 flags rw-
    LOAD off    0x00002800 vaddr 0x20004800 paddr 0x20004800 align 2**12
         filesz 0x00000000 memsz 0x00000800 flags rw-

Sections:
Idx Name          Size      VMA       LMA       File off  Algn
  0 .init         00000038  00000000  00000000  00001000  2**1
                  CONTENTS, ALLOC, LOAD, READONLY, CODE
  1 .vector       00000108  00000038  00000038  00001038  2**1
                  CONTENTS, ALLOC, LOAD, READONLY, CODE
  2 .text         00000970  00000140  00000140  00001140  2**2
                  CONTENTS, ALLOC, LOAD, READONLY, CODE
  3 .fini         00000000  00000ab0  00000ab0  00002008  2**0
                  CONTENTS, ALLOC, LOAD, CODE
  4 .dalign       00000000  20000000  20000000  00002008  2**0
                  CONTENTS
  5 .dlalign      00000000  00000ab0  00000ab0  00002008  2**0
                  CONTENTS
  6 .data         00000008  20000000  00000ab0  00002000  2**2
                  CONTENTS, ALLOC, LOAD, DATA
  7 .bss          00000008  20000008  00000ab8  00002008  2**1
                  ALLOC
  8 .stack        00000800  20004800  20004800  00002800  2**0
                  ALLOC
  9 .debug_info   000091c0  00000000  00000000  00002008  2**0
                  CONTENTS, READONLY, DEBUGGING
 10 .debug_abbrev 000017b7  00000000  00000000  0000b1c8  2**0
                  CONTENTS, READONLY, DEBUGGING
 11 .debug_aranges 000005c0  00000000  00000000  0000c980  2**3
                  CONTENTS, READONLY, DEBUGGING
 12 .debug_ranges 000005a0  00000000  00000000  0000cf40  2**3
                  CONTENTS, READONLY, DEBUGGING
 13 .debug_line   00007301  00000000  00000000  0000d4e0  2**0
                  CONTENTS, READONLY, DEBUGGING
 14 .debug_str    00001daf  00000000  00000000  000147e1  2**0
                  CONTENTS, READONLY, DEBUGGING
 15 .comment      00000033  00000000  00000000  00016590  2**0
                  CONTENTS, READONLY
 16 .debug_frame  00000b70  00000000  00000000  000165c4  2**2
                  CONTENTS, READONLY, DEBUGGING
 17 .debug_loc    00002ef0  00000000  00000000  00017134  2**0
                  CONTENTS, READONLY, DEBUGGING
 18 .stabstr      00000117  00000000  00000000  0001a024  2**0
                  CONTENTS, READONLY, DEBUGGING
SYMBOL TABLE:
00000000 l    d  .init	00000000 .init
00000038 l    d  .vector	00000000 .vector
00000140 l    d  .text	00000000 .text
00000ab0 l    d  .fini	00000000 .fini
20000000 l    d  .dalign	00000000 .dalign
00000ab0 l    d  .dlalign	00000000 .dlalign
20000000 l    d  .data	00000000 .data
20000008 l    d  .bss	00000000 .bss
20004800 l    d  .stack	00000000 .stack
00000000 l    d  .debug_info	00000000 .debug_info
00000000 l    d  .debug_abbrev	00000000 .debug_abbrev
00000000 l    d  .debug_aranges	00000000 .debug_aranges
00000000 l    d  .debug_ranges	00000000 .debug_ranges
00000000 l    d  .debug_line	00000000 .debug_line
00000000 l    d  .debug_str	00000000 .debug_str
00000000 l    d  .comment	00000000 .comment
00000000 l    d  .debug_frame	00000000 .debug_frame
00000000 l    d  .debug_loc	00000000 .debug_loc
00000000 l    d  .stabstr	00000000 .stabstr
00000000 l    df *ABS*	00000000 ./Startup/startup_ch32v20x_D6.o
00000038 l       .vector	00000000 _vector_base
00000000 l    df *ABS*	00000000 ch32v20x_it.c
00000000 l    df *ABS*	00000000 ch32v20x_pwm.c
00000000 l    df *ABS*	00000000 main.c
00000000 l    df *ABS*	00000000 system_ch32v20x.c
00000000 l    df *ABS*	00000000 ch32v20x_gpio.c
00000000 l    df *ABS*	00000000 ch32v20x_rcc.c
00000000 l    df *ABS*	00000000 ch32v20x_tim.c
00000000 l    df *ABS*	00000000 debug.c
2000000a l     O .bss	00000002 p_ms
2000000c l     O .bss	00000001 p_us
00000000 l    df *ABS*	00000000 close.c
00000472  w      .text	00000000 EXTI2_IRQHandler
20000800 g       .data	00000000 __global_pointer$
00000148 g     F .text	00000028 .hidden __riscv_save_8
00000498  w      .text	00000000 TIM1_CC_IRQHandler
000002d8 g     F .text	0000003e motorWrite
000001a4 g     F .text	00000002 HardFault_Handler
00000194 g     F .text	0000000c .hidden __riscv_restore_3
000008bc g     F .text	0000000e TIM_OC1PreloadConfig
0000045e  w      .text	00000000 SysTick_Handler
00000464  w      .text	00000000 PVD_IRQHandler
00000180 g     F .text	00000020 .hidden __riscv_restore_10
000001a0 g     F .text	00000004 NMI_Handler
00000474  w      .text	00000000 EXTI3_IRQHandler
00000148 g     F .text	00000028 .hidden __riscv_save_11
20000008 g       .bss	00000000 _sbss
00000800 g       *ABS*	00000000 __stack_size
00000194 g     F .text	0000000c .hidden __riscv_restore_2
0000088c g     F .text	00000016 TIM_CtrlPWMOutputs
0000046e  w      .text	00000000 EXTI0_IRQHandler
000004a4  w      .text	00000000 I2C2_EV_IRQHandler
00000874 g     F .text	00000018 TIM_Cmd
20000000 g     O .data	00000004 SystemCoreClock
00000038 g       .init	00000000 _einit
00000638 g     F .text	0000001e RCC_APB2PeriphClockCmd
00000140 g     F .text	00000030 .hidden __riscv_save_12
00000486  w      .text	00000000 ADC1_2_IRQHandler
00000546 g     F .text	000000f2 GPIO_Init
0000045c  w      .text	00000000 Break_Point_Handler
00000180 g     F .text	00000020 .hidden __riscv_restore_11
000004a8  w      .text	00000000 SPI1_IRQHandler
00000170 g     F .text	0000000c .hidden __riscv_save_1
00000466  w      .text	00000000 TAMPER_IRQHandler
000001a6 g     F .text	00000132 motorInit
00000194 g     F .text	0000000c .hidden __riscv_restore_0
000007c0 g     F .text	00000094 TIM_OC3Init
00000156 g     F .text	0000001a .hidden __riscv_save_7
00000458  w      .text	00000000 Ecall_M_Mode_Handler
20004800 g       .stack	00000000 _heap_end
0000018a g     F .text	00000016 .hidden __riscv_restore_5
0000047e  w      .text	00000000 DMA1_Channel4_IRQHandler
0000018a g     F .text	00000016 .hidden __riscv_restore_6
000004b0  w      .text	00000000 USART3_IRQHandler
00000468  w      .text	00000000 RTC_IRQHandler
20000010 g       .bss	00000000 _ebss
00000484  w      .text	00000000 DMA1_Channel7_IRQHandler
000006c0 g     F .text	0000006a TIM_OC1Init
000008e0 g     F .text	0000000e TIM_OC3PreloadConfig
0000048c  w      .text	00000000 CAN1_RX1_IRQHandler
000008ee g     F .text	0000002a Delay_Init
000009b0 g     O .text	00000100 pinmap_timer
0000049e  w      .text	00000000 TIM4_IRQHandler
000008a2 g     F .text	0000001a TIM_ARRPreloadConfig
00000148 g     F .text	00000028 .hidden __riscv_save_9
00000156 g     F .text	0000001a .hidden __riscv_save_4
000004a0  w      .text	00000000 I2C1_EV_IRQHandler
000004b8  w      .text	00000000 USBHD_IRQHandler
00000482  w      .text	00000000 DMA1_Channel6_IRQHandler
000004bc  w      .text	00000000 UART4_IRQHandler
0000049c  w      .text	00000000 TIM3_IRQHandler
0000046c  w      .text	00000000 RCC_IRQHandler
00000170 g     F .text	0000000c .hidden __riscv_save_3
00000496  w      .text	00000000 TIM1_TRG_COM_IRQHandler
00000478  w      .text	00000000 DMA1_Channel1_IRQHandler
00000000 g       .init	00000000 _start
000008ca g     F .text	00000016 TIM_OC2PreloadConfig
000004b2  w      .text	00000000 EXTI15_10_IRQHandler
0000072a g     F .text	00000096 TIM_OC2Init
000004be  w      .text	00000000 DMA1_Channel8_IRQHandler
20000000 g       .dalign	00000000 _data_vma
20000008 g     O .bss	00000001 MCU_Version
00000490  w      .text	00000000 EXTI9_5_IRQHandler
00000148 g     F .text	00000028 .hidden __riscv_save_10
0000018a g     F .text	00000016 .hidden __riscv_restore_4
00000180 g     F .text	00000020 .hidden __riscv_restore_8
00000156 g     F .text	0000001a .hidden __riscv_save_6
000004aa  w      .text	00000000 SPI2_IRQHandler
00000180 g     F .text	00000020 .hidden __riscv_restore_9
0000018a g     F .text	00000016 .hidden __riscv_restore_7
00000316 g     F .text	00000054 main
00000480  w      .text	00000000 DMA1_Channel5_IRQHandler
00000476  w      .text	00000000 EXTI4_IRQHandler
00000918 g     F .text	00000036 Delay_Ms
0000048a  w      .text	00000000 USB_LP_CAN1_RX0_IRQHandler
0000036a g     F .text	000000ea SystemInit
00000488  w      .text	00000000 USB_HP_CAN1_TX_IRQHandler
00000000 g       .init	00000000 _sinit
000004ba  w      .text	00000000 USBHDWakeUp_IRQHandler
0000047c  w      .text	00000000 DMA1_Channel3_IRQHandler
00000494  w      .text	00000000 TIM1_UP_IRQHandler
00000462  w      .text	00000000 WWDG_IRQHandler
0000045a  w      .text	00000000 Ecall_U_Mode_Handler
0000049a  w      .text	00000000 TIM2_IRQHandler
20005000 g       .stack	00000000 _eusrstack
00000170 g     F .text	0000000c .hidden __riscv_save_2
00000460  w      .text	00000000 SW_Handler
00000492  w      .text	00000000 TIM1_BRK_IRQHandler
00000470  w      .text	00000000 EXTI1_IRQHandler
00000156 g     F .text	0000001a .hidden __riscv_save_5
20000008 g       .data	00000000 _edata
20000010 g       .bss	00000000 _end
00000656 g     F .text	0000006a TIM_TimeBaseInit
000004b4  w      .text	00000000 RTCAlarm_IRQHandler
00000ab0 g       .dlalign	00000000 _data_lma
000004ae  w      .text	00000000 USART2_IRQHandler
000004a6  w      .text	00000000 I2C2_ER_IRQHandler
0000047a  w      .text	00000000 DMA1_Channel2_IRQHandler
0000017c g     F .text	00000024 .hidden __riscv_restore_12
00000854 g     F .text	00000020 TIM_BDTRConfig
000004c0  w      .text	00000000 handle_reset
0000048e  w      .text	00000000 CAN1_SCE_IRQHandler
00000170 g     F .text	0000000c .hidden __riscv_save_0
0000046a  w      .text	00000000 FLASH_IRQHandler
000004ac  w      .text	00000000 USART1_IRQHandler
00000950 g     O .text	00000060 pinmap_motor
000004a2  w      .text	00000000 I2C1_ER_IRQHandler
00000194 g     F .text	0000000c .hidden __riscv_restore_1
000004b6  w      .text	00000000 USBWakeUp_IRQHandler



Disassembly of section .init:

00000000 <_sinit>:
   0:	4c00006f          	j	4c0 <handle_reset>
   4:	00000013          	nop
   8:	00000013          	nop
   c:	00000013          	nop
  10:	00000013          	nop
  14:	00000013          	nop
  18:	00000013          	nop
  1c:	00000013          	nop
  20:	00000013          	nop
  24:	00000013          	nop
  28:	00000013          	nop
  2c:	00000013          	nop
  30:	00000013          	nop
  34:	00100073          	ebreak

Disassembly of section .vector:

00000038 <_vector_base>:
	...
  40:	01a0                	addi	s0,sp,200
  42:	0000                	unimp
  44:	01a4                	addi	s1,sp,200
  46:	0000                	unimp
  48:	0000                	unimp
  4a:	0000                	unimp
  4c:	0458                	addi	a4,sp,516
	...
  56:	0000                	unimp
  58:	045a                	slli	s0,s0,0x16
  5a:	0000                	unimp
  5c:	045c                	addi	a5,sp,516
	...
  66:	0000                	unimp
  68:	045e                	slli	s0,s0,0x17
  6a:	0000                	unimp
  6c:	0000                	unimp
  6e:	0000                	unimp
  70:	0460                	addi	s0,sp,524
  72:	0000                	unimp
  74:	0000                	unimp
  76:	0000                	unimp
  78:	0462                	slli	s0,s0,0x18
  7a:	0000                	unimp
  7c:	0464                	addi	s1,sp,524
  7e:	0000                	unimp
  80:	0466                	slli	s0,s0,0x19
  82:	0000                	unimp
  84:	0468                	addi	a0,sp,524
  86:	0000                	unimp
  88:	046a                	slli	s0,s0,0x1a
  8a:	0000                	unimp
  8c:	046c                	addi	a1,sp,524
  8e:	0000                	unimp
  90:	046e                	slli	s0,s0,0x1b
  92:	0000                	unimp
  94:	0470                	addi	a2,sp,524
  96:	0000                	unimp
  98:	0472                	slli	s0,s0,0x1c
  9a:	0000                	unimp
  9c:	0474                	addi	a3,sp,524
  9e:	0000                	unimp
  a0:	0476                	slli	s0,s0,0x1d
  a2:	0000                	unimp
  a4:	0478                	addi	a4,sp,524
  a6:	0000                	unimp
  a8:	047a                	slli	s0,s0,0x1e
  aa:	0000                	unimp
  ac:	047c                	addi	a5,sp,524
  ae:	0000                	unimp
  b0:	047e                	slli	s0,s0,0x1f
  b2:	0000                	unimp
  b4:	0480                	addi	s0,sp,576
  b6:	0000                	unimp
  b8:	0482                	c.slli64	s1
  ba:	0000                	unimp
  bc:	0484                	addi	s1,sp,576
  be:	0000                	unimp
  c0:	0486                	slli	s1,s1,0x1
  c2:	0000                	unimp
  c4:	0488                	addi	a0,sp,576
  c6:	0000                	unimp
  c8:	048a                	slli	s1,s1,0x2
  ca:	0000                	unimp
  cc:	048c                	addi	a1,sp,576
  ce:	0000                	unimp
  d0:	048e                	slli	s1,s1,0x3
  d2:	0000                	unimp
  d4:	0490                	addi	a2,sp,576
  d6:	0000                	unimp
  d8:	0492                	slli	s1,s1,0x4
  da:	0000                	unimp
  dc:	0494                	addi	a3,sp,576
  de:	0000                	unimp
  e0:	0496                	slli	s1,s1,0x5
  e2:	0000                	unimp
  e4:	0498                	addi	a4,sp,576
  e6:	0000                	unimp
  e8:	049a                	slli	s1,s1,0x6
  ea:	0000                	unimp
  ec:	049c                	addi	a5,sp,576
  ee:	0000                	unimp
  f0:	049e                	slli	s1,s1,0x7
  f2:	0000                	unimp
  f4:	04a0                	addi	s0,sp,584
  f6:	0000                	unimp
  f8:	04a2                	slli	s1,s1,0x8
  fa:	0000                	unimp
  fc:	04a4                	addi	s1,sp,584
  fe:	0000                	unimp
 100:	04a6                	slli	s1,s1,0x9
 102:	0000                	unimp
 104:	04a8                	addi	a0,sp,584
 106:	0000                	unimp
 108:	04aa                	slli	s1,s1,0xa
 10a:	0000                	unimp
 10c:	04ac                	addi	a1,sp,584
 10e:	0000                	unimp
 110:	04ae                	slli	s1,s1,0xb
 112:	0000                	unimp
 114:	04b0                	addi	a2,sp,584
 116:	0000                	unimp
 118:	04b2                	slli	s1,s1,0xc
 11a:	0000                	unimp
 11c:	04b4                	addi	a3,sp,584
 11e:	0000                	unimp
 120:	04b6                	slli	s1,s1,0xd
 122:	0000                	unimp
 124:	04b8                	addi	a4,sp,584
 126:	0000                	unimp
 128:	04ba                	slli	s1,s1,0xe
 12a:	0000                	unimp
 12c:	04bc                	addi	a5,sp,584
 12e:	0000                	unimp
 130:	04be                	slli	s1,s1,0xf
	...

Disassembly of section .text:

00000140 <__riscv_save_12>:
 140:	7139                	addi	sp,sp,-64
 142:	4301                	li	t1,0
 144:	c66e                	sw	s11,12(sp)
 146:	a019                	j	14c <__riscv_save_10+0x4>

00000148 <__riscv_save_10>:
 148:	7139                	addi	sp,sp,-64
 14a:	5341                	li	t1,-16
 14c:	c86a                	sw	s10,16(sp)
 14e:	ca66                	sw	s9,20(sp)
 150:	cc62                	sw	s8,24(sp)
 152:	ce5e                	sw	s7,28(sp)
 154:	a019                	j	15a <__riscv_save_4+0x4>

00000156 <__riscv_save_4>:
 156:	7139                	addi	sp,sp,-64
 158:	5301                	li	t1,-32
 15a:	d05a                	sw	s6,32(sp)
 15c:	d256                	sw	s5,36(sp)
 15e:	d452                	sw	s4,40(sp)
 160:	d64e                	sw	s3,44(sp)
 162:	d84a                	sw	s2,48(sp)
 164:	da26                	sw	s1,52(sp)
 166:	dc22                	sw	s0,56(sp)
 168:	de06                	sw	ra,60(sp)
 16a:	40610133          	sub	sp,sp,t1
 16e:	8282                	jr	t0

00000170 <__riscv_save_0>:
 170:	1141                	addi	sp,sp,-16
 172:	c04a                	sw	s2,0(sp)
 174:	c226                	sw	s1,4(sp)
 176:	c422                	sw	s0,8(sp)
 178:	c606                	sw	ra,12(sp)
 17a:	8282                	jr	t0

0000017c <__riscv_restore_12>:
 17c:	4db2                	lw	s11,12(sp)
 17e:	0141                	addi	sp,sp,16

00000180 <__riscv_restore_10>:
 180:	4d02                	lw	s10,0(sp)
 182:	4c92                	lw	s9,4(sp)
 184:	4c22                	lw	s8,8(sp)
 186:	4bb2                	lw	s7,12(sp)
 188:	0141                	addi	sp,sp,16

0000018a <__riscv_restore_4>:
 18a:	4b02                	lw	s6,0(sp)
 18c:	4a92                	lw	s5,4(sp)
 18e:	4a22                	lw	s4,8(sp)
 190:	49b2                	lw	s3,12(sp)
 192:	0141                	addi	sp,sp,16

00000194 <__riscv_restore_0>:
 194:	4902                	lw	s2,0(sp)
 196:	4492                	lw	s1,4(sp)
 198:	4422                	lw	s0,8(sp)
 19a:	40b2                	lw	ra,12(sp)
 19c:	0141                	addi	sp,sp,16
 19e:	8082                	ret

000001a0 <NMI_Handler>:
 1a0:	30200073          	mret

000001a4 <HardFault_Handler>:
 1a4:	a001                	j	1a4 <HardFault_Handler>

000001a6 <motorInit>:
 1a6:	fb1ff2ef          	jal	t0,156 <__riscv_save_4>
 1aa:	6785                	lui	a5,0x1
 1ac:	0512                	slli	a0,a0,0x4
 1ae:	95078793          	addi	a5,a5,-1712 # 950 <pinmap_motor>
 1b2:	00a78733          	add	a4,a5,a0
 1b6:	03050513          	addi	a0,a0,48
 1ba:	715d                	addi	sp,sp,-80
 1bc:	97aa                	add	a5,a5,a0
 1be:	8a2e                	mv	s4,a1
 1c0:	4531                	li	a0,12
 1c2:	4585                	li	a1,1
 1c4:	2342                	lhu	s0,4(a4)
 1c6:	0047da83          	lhu	s5,4(a5)
 1ca:	27c6                	lhu	s1,12(a5)
 1cc:	c632                	sw	a2,12(sp)
 1ce:	d202                	sw	zero,36(sp)
 1d0:	d402                	sw	zero,40(sp)
 1d2:	d602                	sw	zero,44(sp)
 1d4:	c082                	sw	zero,64(sp)
 1d6:	c282                	sw	zero,68(sp)
 1d8:	c482                	sw	zero,72(sp)
 1da:	c682                	sw	zero,76(sp)
 1dc:	cc02                	sw	zero,24(sp)
 1de:	ce02                	sw	zero,28(sp)
 1e0:	02011023          	sh	zero,32(sp)
 1e4:	d802                	sw	zero,48(sp)
 1e6:	da02                	sw	zero,52(sp)
 1e8:	dc02                	sw	zero,56(sp)
 1ea:	02011e23          	sh	zero,60(sp)
 1ee:	21a9                	jal	638 <RCC_APB2PeriphClockCmd>
 1f0:	6505                	lui	a0,0x1
 1f2:	4585                	li	a1,1
 1f4:	80050513          	addi	a0,a0,-2048 # 800 <__stack_size>
 1f8:	2181                	jal	638 <RCC_APB2PeriphClockCmd>
 1fa:	02811223          	sh	s0,36(sp)
 1fe:	40011437          	lui	s0,0x40011
 202:	490d                	li	s2,3
 204:	80040513          	addi	a0,s0,-2048 # 40010800 <_eusrstack+0x2000b800>
 208:	49e1                	li	s3,24
 20a:	104c                	addi	a1,sp,36
 20c:	d44a                	sw	s2,40(sp)
 20e:	d64e                	sw	s3,44(sp)
 210:	2e1d                	jal	546 <GPIO_Init>
 212:	c0040513          	addi	a0,s0,-1024
 216:	104c                	addi	a1,sp,36
 218:	d44a                	sw	s2,40(sp)
 21a:	03511223          	sh	s5,36(sp)
 21e:	d64e                	sw	s3,44(sp)
 220:	261d                	jal	546 <GPIO_Init>
 222:	4632                	lw	a2,12(sp)
 224:	40013437          	lui	s0,0x40013
 228:	082c                	addi	a1,sp,24
 22a:	167d                	addi	a2,a2,-1
 22c:	c0040513          	addi	a0,s0,-1024 # 40012c00 <_eusrstack+0x2000dc00>
 230:	01411e23          	sh	s4,28(sp)
 234:	84f0                	sh	a2,24(sp)
 236:	00011f23          	sh	zero,30(sp)
 23a:	00011d23          	sh	zero,26(sp)
 23e:	2921                	jal	656 <TIM_TimeBaseInit>
 240:	67c1                	lui	a5,0x10
 242:	06078793          	addi	a5,a5,96 # 10060 <_data_lma+0xf5b0>
 246:	c0be                	sw	a5,64(sp)
 248:	10000793          	li	a5,256
 24c:	c6be                	sw	a5,76(sp)
 24e:	00ff07b7          	lui	a5,0xff0
 252:	da3e                	sw	a5,52(sp)
 254:	200007b7          	lui	a5,0x20000
 258:	4911                	li	s2,4
 25a:	dc3e                	sw	a5,56(sp)
 25c:	180c                	addi	a1,sp,48
 25e:	6791                	lui	a5,0x4
 260:	c0040513          	addi	a0,s0,-1024
 264:	c2ca                	sw	s2,68(sp)
 266:	c482                	sw	zero,72(sp)
 268:	d802                	sw	zero,48(sp)
 26a:	02f11e23          	sh	a5,60(sp)
 26e:	23dd                	jal	854 <TIM_BDTRConfig>
 270:	05248263          	beq	s1,s2,2b4 <motorInit+0x10e>
 274:	47a1                	li	a5,8
 276:	04f48863          	beq	s1,a5,2c6 <motorInit+0x120>
 27a:	e889                	bnez	s1,28c <motorInit+0xe6>
 27c:	008c                	addi	a1,sp,64
 27e:	c0040513          	addi	a0,s0,-1024
 282:	293d                	jal	6c0 <TIM_OC1Init>
 284:	4581                	li	a1,0
 286:	c0040513          	addi	a0,s0,-1024
 28a:	2d0d                	jal	8bc <TIM_OC1PreloadConfig>
 28c:	40013437          	lui	s0,0x40013
 290:	c1445783          	lhu	a5,-1004(s0) # 40012c14 <_eusrstack+0x2000dc14>
 294:	c0040413          	addi	s0,s0,-1024
 298:	4585                	li	a1,1
 29a:	0017e793          	ori	a5,a5,1
 29e:	a85e                	sh	a5,20(s0)
 2a0:	8522                	mv	a0,s0
 2a2:	23ed                	jal	88c <TIM_CtrlPWMOutputs>
 2a4:	8522                	mv	a0,s0
 2a6:	4585                	li	a1,1
 2a8:	2bed                	jal	8a2 <TIM_ARRPreloadConfig>
 2aa:	4585                	li	a1,1
 2ac:	8522                	mv	a0,s0
 2ae:	23d9                	jal	874 <TIM_Cmd>
 2b0:	6161                	addi	sp,sp,80
 2b2:	bde1                	j	18a <__riscv_restore_4>
 2b4:	008c                	addi	a1,sp,64
 2b6:	c0040513          	addi	a0,s0,-1024
 2ba:	2985                	jal	72a <TIM_OC2Init>
 2bc:	4581                	li	a1,0
 2be:	c0040513          	addi	a0,s0,-1024
 2c2:	2521                	jal	8ca <TIM_OC2PreloadConfig>
 2c4:	b7e1                	j	28c <motorInit+0xe6>
 2c6:	008c                	addi	a1,sp,64
 2c8:	c0040513          	addi	a0,s0,-1024
 2cc:	29d5                	jal	7c0 <TIM_OC3Init>
 2ce:	4581                	li	a1,0
 2d0:	c0040513          	addi	a0,s0,-1024
 2d4:	2531                	jal	8e0 <TIM_OC3PreloadConfig>
 2d6:	bf5d                	j	28c <motorInit+0xe6>

000002d8 <motorWrite>:
 2d8:	6785                	lui	a5,0x1
 2da:	0512                	slli	a0,a0,0x4
 2dc:	9b078793          	addi	a5,a5,-1616 # 9b0 <pinmap_timer>
 2e0:	97aa                	add	a5,a5,a0
 2e2:	27da                	lhu	a4,12(a5)
 2e4:	4691                	li	a3,4
 2e6:	400137b7          	lui	a5,0x40013
 2ea:	c0078793          	addi	a5,a5,-1024 # 40012c00 <_eusrstack+0x2000dc00>
 2ee:	02d70063          	beq	a4,a3,30e <motorWrite+0x36>
 2f2:	46a1                	li	a3,8
 2f4:	00d70f63          	beq	a4,a3,312 <motorWrite+0x3a>
 2f8:	e311                	bnez	a4,2fc <motorWrite+0x24>
 2fa:	bbce                	sh	a1,52(a5)
 2fc:	400137b7          	lui	a5,0x40013
 300:	c147d703          	lhu	a4,-1004(a5) # 40012c14 <_eusrstack+0x2000dc14>
 304:	00176713          	ori	a4,a4,1
 308:	c0e79a23          	sh	a4,-1004(a5)
 30c:	8082                	ret
 30e:	bf8e                	sh	a1,56(a5)
 310:	b7f5                	j	2fc <motorWrite+0x24>
 312:	bfce                	sh	a1,60(a5)
 314:	b7e5                	j	2fc <motorWrite+0x24>

00000316 <main>:
 316:	e5bff2ef          	jal	t0,170 <__riscv_save_0>
 31a:	19000613          	li	a2,400
 31e:	0ff00593          	li	a1,255
 322:	4501                	li	a0,0
 324:	3549                	jal	1a6 <motorInit>
 326:	19000613          	li	a2,400
 32a:	0ff00593          	li	a1,255
 32e:	4505                	li	a0,1
 330:	3d9d                	jal	1a6 <motorInit>
 332:	19000613          	li	a2,400
 336:	0ff00593          	li	a1,255
 33a:	4509                	li	a0,2
 33c:	35ad                	jal	1a6 <motorInit>
 33e:	2b45                	jal	8ee <Delay_Init>
 340:	3e800513          	li	a0,1000
 344:	2bd1                	jal	918 <Delay_Ms>
 346:	10000493          	li	s1,256
 34a:	4401                	li	s0,0
 34c:	85a2                	mv	a1,s0
 34e:	4501                	li	a0,0
 350:	3761                	jal	2d8 <motorWrite>
 352:	85a2                	mv	a1,s0
 354:	4505                	li	a0,1
 356:	3749                	jal	2d8 <motorWrite>
 358:	85a2                	mv	a1,s0
 35a:	4509                	li	a0,2
 35c:	3fb5                	jal	2d8 <motorWrite>
 35e:	4551                	li	a0,20
 360:	0405                	addi	s0,s0,1
 362:	2b5d                	jal	918 <Delay_Ms>
 364:	fe9414e3          	bne	s0,s1,34c <main+0x36>
 368:	b7cd                	j	34a <main+0x34>

0000036a <SystemInit>:
 36a:	400217b7          	lui	a5,0x40021
 36e:	4398                	lw	a4,0(a5)
 370:	f8ff06b7          	lui	a3,0xf8ff0
 374:	1141                	addi	sp,sp,-16
 376:	00176713          	ori	a4,a4,1
 37a:	c398                	sw	a4,0(a5)
 37c:	43d8                	lw	a4,4(a5)
 37e:	00020637          	lui	a2,0x20
 382:	8f75                	and	a4,a4,a3
 384:	c3d8                	sw	a4,4(a5)
 386:	4398                	lw	a4,0(a5)
 388:	fef706b7          	lui	a3,0xfef70
 38c:	16fd                	addi	a3,a3,-1
 38e:	8f75                	and	a4,a4,a3
 390:	c398                	sw	a4,0(a5)
 392:	4398                	lw	a4,0(a5)
 394:	fffc06b7          	lui	a3,0xfffc0
 398:	16fd                	addi	a3,a3,-1
 39a:	8f75                	and	a4,a4,a3
 39c:	c398                	sw	a4,0(a5)
 39e:	43d8                	lw	a4,4(a5)
 3a0:	ff8106b7          	lui	a3,0xff810
 3a4:	16fd                	addi	a3,a3,-1
 3a6:	8f75                	and	a4,a4,a3
 3a8:	c3d8                	sw	a4,4(a5)
 3aa:	009f0737          	lui	a4,0x9f0
 3ae:	c798                	sw	a4,8(a5)
 3b0:	c402                	sw	zero,8(sp)
 3b2:	c602                	sw	zero,12(sp)
 3b4:	4398                	lw	a4,0(a5)
 3b6:	66c1                	lui	a3,0x10
 3b8:	8f55                	or	a4,a4,a3
 3ba:	c398                	sw	a4,0(a5)
 3bc:	400216b7          	lui	a3,0x40021
 3c0:	6705                	lui	a4,0x1
 3c2:	429c                	lw	a5,0(a3)
 3c4:	8ff1                	and	a5,a5,a2
 3c6:	c63e                	sw	a5,12(sp)
 3c8:	47a2                	lw	a5,8(sp)
 3ca:	0785                	addi	a5,a5,1
 3cc:	c43e                	sw	a5,8(sp)
 3ce:	47b2                	lw	a5,12(sp)
 3d0:	e781                	bnez	a5,3d8 <SystemInit+0x6e>
 3d2:	47a2                	lw	a5,8(sp)
 3d4:	fee797e3          	bne	a5,a4,3c2 <SystemInit+0x58>
 3d8:	400217b7          	lui	a5,0x40021
 3dc:	439c                	lw	a5,0(a5)
 3de:	00e79713          	slli	a4,a5,0xe
 3e2:	06075763          	bgez	a4,450 <SystemInit+0xe6>
 3e6:	4785                	li	a5,1
 3e8:	c63e                	sw	a5,12(sp)
 3ea:	4732                	lw	a4,12(sp)
 3ec:	4785                	li	a5,1
 3ee:	04f71f63          	bne	a4,a5,44c <SystemInit+0xe2>
 3f2:	400217b7          	lui	a5,0x40021
 3f6:	43d8                	lw	a4,4(a5)
 3f8:	ffc106b7          	lui	a3,0xffc10
 3fc:	16fd                	addi	a3,a3,-1
 3fe:	c3d8                	sw	a4,4(a5)
 400:	43d8                	lw	a4,4(a5)
 402:	c3d8                	sw	a4,4(a5)
 404:	43d8                	lw	a4,4(a5)
 406:	40076713          	ori	a4,a4,1024
 40a:	c3d8                	sw	a4,4(a5)
 40c:	43d8                	lw	a4,4(a5)
 40e:	8f75                	and	a4,a4,a3
 410:	c3d8                	sw	a4,4(a5)
 412:	43d8                	lw	a4,4(a5)
 414:	002906b7          	lui	a3,0x290
 418:	8f55                	or	a4,a4,a3
 41a:	c3d8                	sw	a4,4(a5)
 41c:	4398                	lw	a4,0(a5)
 41e:	010006b7          	lui	a3,0x1000
 422:	8f55                	or	a4,a4,a3
 424:	c398                	sw	a4,0(a5)
 426:	4398                	lw	a4,0(a5)
 428:	00671693          	slli	a3,a4,0x6
 42c:	fe06dde3          	bgez	a3,426 <SystemInit+0xbc>
 430:	43d8                	lw	a4,4(a5)
 432:	400216b7          	lui	a3,0x40021
 436:	9b71                	andi	a4,a4,-4
 438:	c3d8                	sw	a4,4(a5)
 43a:	43d8                	lw	a4,4(a5)
 43c:	00276713          	ori	a4,a4,2
 440:	c3d8                	sw	a4,4(a5)
 442:	4721                	li	a4,8
 444:	42dc                	lw	a5,4(a3)
 446:	8bb1                	andi	a5,a5,12
 448:	fee79ee3          	bne	a5,a4,444 <SystemInit+0xda>
 44c:	0141                	addi	sp,sp,16
 44e:	8082                	ret
 450:	c602                	sw	zero,12(sp)
 452:	bf61                	j	3ea <SystemInit+0x80>
 454:	a001                	j	454 <SystemInit+0xea>
 456:	a001                	j	456 <SystemInit+0xec>

00000458 <Ecall_M_Mode_Handler>:
 458:	a001                	j	458 <Ecall_M_Mode_Handler>

0000045a <Ecall_U_Mode_Handler>:
 45a:	a001                	j	45a <Ecall_U_Mode_Handler>

0000045c <Break_Point_Handler>:
 45c:	a001                	j	45c <Break_Point_Handler>

0000045e <SysTick_Handler>:
 45e:	a001                	j	45e <SysTick_Handler>

00000460 <SW_Handler>:
 460:	a001                	j	460 <SW_Handler>

00000462 <WWDG_IRQHandler>:
 462:	a001                	j	462 <WWDG_IRQHandler>

00000464 <PVD_IRQHandler>:
 464:	a001                	j	464 <PVD_IRQHandler>

00000466 <TAMPER_IRQHandler>:
 466:	a001                	j	466 <TAMPER_IRQHandler>

00000468 <RTC_IRQHandler>:
 468:	a001                	j	468 <RTC_IRQHandler>

0000046a <FLASH_IRQHandler>:
 46a:	a001                	j	46a <FLASH_IRQHandler>

0000046c <RCC_IRQHandler>:
 46c:	a001                	j	46c <RCC_IRQHandler>

0000046e <EXTI0_IRQHandler>:
 46e:	a001                	j	46e <EXTI0_IRQHandler>

00000470 <EXTI1_IRQHandler>:
 470:	a001                	j	470 <EXTI1_IRQHandler>

00000472 <EXTI2_IRQHandler>:
 472:	a001                	j	472 <EXTI2_IRQHandler>

00000474 <EXTI3_IRQHandler>:
 474:	a001                	j	474 <EXTI3_IRQHandler>

00000476 <EXTI4_IRQHandler>:
 476:	a001                	j	476 <EXTI4_IRQHandler>

00000478 <DMA1_Channel1_IRQHandler>:
 478:	a001                	j	478 <DMA1_Channel1_IRQHandler>

0000047a <DMA1_Channel2_IRQHandler>:
 47a:	a001                	j	47a <DMA1_Channel2_IRQHandler>

0000047c <DMA1_Channel3_IRQHandler>:
 47c:	a001                	j	47c <DMA1_Channel3_IRQHandler>

0000047e <DMA1_Channel4_IRQHandler>:
 47e:	a001                	j	47e <DMA1_Channel4_IRQHandler>

00000480 <DMA1_Channel5_IRQHandler>:
 480:	a001                	j	480 <DMA1_Channel5_IRQHandler>

00000482 <DMA1_Channel6_IRQHandler>:
 482:	a001                	j	482 <DMA1_Channel6_IRQHandler>

00000484 <DMA1_Channel7_IRQHandler>:
 484:	a001                	j	484 <DMA1_Channel7_IRQHandler>

00000486 <ADC1_2_IRQHandler>:
 486:	a001                	j	486 <ADC1_2_IRQHandler>

00000488 <USB_HP_CAN1_TX_IRQHandler>:
 488:	a001                	j	488 <USB_HP_CAN1_TX_IRQHandler>

0000048a <USB_LP_CAN1_RX0_IRQHandler>:
 48a:	a001                	j	48a <USB_LP_CAN1_RX0_IRQHandler>

0000048c <CAN1_RX1_IRQHandler>:
 48c:	a001                	j	48c <CAN1_RX1_IRQHandler>

0000048e <CAN1_SCE_IRQHandler>:
 48e:	a001                	j	48e <CAN1_SCE_IRQHandler>

00000490 <EXTI9_5_IRQHandler>:
 490:	a001                	j	490 <EXTI9_5_IRQHandler>

00000492 <TIM1_BRK_IRQHandler>:
 492:	a001                	j	492 <TIM1_BRK_IRQHandler>

00000494 <TIM1_UP_IRQHandler>:
 494:	a001                	j	494 <TIM1_UP_IRQHandler>

00000496 <TIM1_TRG_COM_IRQHandler>:
 496:	a001                	j	496 <TIM1_TRG_COM_IRQHandler>

00000498 <TIM1_CC_IRQHandler>:
 498:	a001                	j	498 <TIM1_CC_IRQHandler>

0000049a <TIM2_IRQHandler>:
 49a:	a001                	j	49a <TIM2_IRQHandler>

0000049c <TIM3_IRQHandler>:
 49c:	a001                	j	49c <TIM3_IRQHandler>

0000049e <TIM4_IRQHandler>:
 49e:	a001                	j	49e <TIM4_IRQHandler>

000004a0 <I2C1_EV_IRQHandler>:
 4a0:	a001                	j	4a0 <I2C1_EV_IRQHandler>

000004a2 <I2C1_ER_IRQHandler>:
 4a2:	a001                	j	4a2 <I2C1_ER_IRQHandler>

000004a4 <I2C2_EV_IRQHandler>:
 4a4:	a001                	j	4a4 <I2C2_EV_IRQHandler>

000004a6 <I2C2_ER_IRQHandler>:
 4a6:	a001                	j	4a6 <I2C2_ER_IRQHandler>

000004a8 <SPI1_IRQHandler>:
 4a8:	a001                	j	4a8 <SPI1_IRQHandler>

000004aa <SPI2_IRQHandler>:
 4aa:	a001                	j	4aa <SPI2_IRQHandler>

000004ac <USART1_IRQHandler>:
 4ac:	a001                	j	4ac <USART1_IRQHandler>

000004ae <USART2_IRQHandler>:
 4ae:	a001                	j	4ae <USART2_IRQHandler>

000004b0 <USART3_IRQHandler>:
 4b0:	a001                	j	4b0 <USART3_IRQHandler>

000004b2 <EXTI15_10_IRQHandler>:
 4b2:	a001                	j	4b2 <EXTI15_10_IRQHandler>

000004b4 <RTCAlarm_IRQHandler>:
 4b4:	a001                	j	4b4 <RTCAlarm_IRQHandler>

000004b6 <USBWakeUp_IRQHandler>:
 4b6:	a001                	j	4b6 <USBWakeUp_IRQHandler>

000004b8 <USBHD_IRQHandler>:
 4b8:	a001                	j	4b8 <USBHD_IRQHandler>

000004ba <USBHDWakeUp_IRQHandler>:
 4ba:	a001                	j	4ba <USBHDWakeUp_IRQHandler>

000004bc <UART4_IRQHandler>:
 4bc:	a001                	j	4bc <UART4_IRQHandler>

000004be <DMA1_Channel8_IRQHandler>:
 4be:	a001                	j	4be <DMA1_Channel8_IRQHandler>

000004c0 <handle_reset>:
 4c0:	20000197          	auipc	gp,0x20000
 4c4:	34018193          	addi	gp,gp,832 # 20000800 <__global_pointer$>
 4c8:	20005117          	auipc	sp,0x20005
 4cc:	b3810113          	addi	sp,sp,-1224 # 20005000 <_eusrstack>
 4d0:	00000517          	auipc	a0,0x0
 4d4:	5e050513          	addi	a0,a0,1504 # ab0 <_data_lma>
 4d8:	20000597          	auipc	a1,0x20000
 4dc:	b2858593          	addi	a1,a1,-1240 # 20000000 <_data_vma>
 4e0:	80818613          	addi	a2,gp,-2040 # 20000008 <_edata>
 4e4:	00c5fa63          	bgeu	a1,a2,4f8 <handle_reset+0x38>
 4e8:	00052283          	lw	t0,0(a0)
 4ec:	0055a023          	sw	t0,0(a1)
 4f0:	0511                	addi	a0,a0,4
 4f2:	0591                	addi	a1,a1,4
 4f4:	fec5eae3          	bltu	a1,a2,4e8 <handle_reset+0x28>
 4f8:	80818513          	addi	a0,gp,-2040 # 20000008 <_edata>
 4fc:	81018593          	addi	a1,gp,-2032 # 20000010 <_ebss>
 500:	00b57763          	bgeu	a0,a1,50e <handle_reset+0x4e>
 504:	00052023          	sw	zero,0(a0)
 508:	0511                	addi	a0,a0,4
 50a:	feb56de3          	bltu	a0,a1,504 <handle_reset+0x44>
 50e:	42fd                	li	t0,31
 510:	bc029073          	csrw	0xbc0,t0
 514:	428d                	li	t0,3
 516:	80429073          	csrw	0x804,t0
 51a:	08800293          	li	t0,136
 51e:	3002a073          	csrs	mstatus,t0
 522:	00000297          	auipc	t0,0x0
 526:	b1628293          	addi	t0,t0,-1258 # 38 <_einit>
 52a:	0032e293          	ori	t0,t0,3
 52e:	30529073          	csrw	mtvec,t0
 532:	e39ff0ef          	jal	ra,36a <SystemInit>
 536:	00000297          	auipc	t0,0x0
 53a:	de028293          	addi	t0,t0,-544 # 316 <main>
 53e:	34129073          	csrw	mepc,t0
 542:	30200073          	mret

00000546 <GPIO_Init>:
 546:	459c                	lw	a5,8(a1)
 548:	0107f713          	andi	a4,a5,16
 54c:	00f7f813          	andi	a6,a5,15
 550:	c701                	beqz	a4,558 <GPIO_Init+0x12>
 552:	41d8                	lw	a4,4(a1)
 554:	00e86833          	or	a6,a6,a4
 558:	40022737          	lui	a4,0x40022
 55c:	5b14                	lw	a3,48(a4)
 55e:	0f000737          	lui	a4,0xf000
 562:	8f75                	and	a4,a4,a3
 564:	eb4d                	bnez	a4,616 <GPIO_Init+0xd0>
 566:	4685                	li	a3,1
 568:	80d18423          	sb	a3,-2040(gp) # 20000008 <_edata>
 56c:	40011737          	lui	a4,0x40011
 570:	00e51563          	bne	a0,a4,57a <GPIO_Init+0x34>
 574:	219a                	lhu	a4,0(a1)
 576:	8335                	srli	a4,a4,0xd
 578:	a19a                	sh	a4,0(a1)
 57a:	218e                	lhu	a1,0(a1)
 57c:	0ff5f713          	andi	a4,a1,255
 580:	c339                	beqz	a4,5c6 <GPIO_Init+0x80>
 582:	4118                	lw	a4,0(a0)
 584:	4681                	li	a3,0
 586:	4e85                	li	t4,1
 588:	4f3d                	li	t5,15
 58a:	02800f93          	li	t6,40
 58e:	04800293          	li	t0,72
 592:	4e21                	li	t3,8
 594:	00de9633          	sll	a2,t4,a3
 598:	00c5f8b3          	and	a7,a1,a2
 59c:	03161163          	bne	a2,a7,5be <GPIO_Init+0x78>
 5a0:	00269893          	slli	a7,a3,0x2
 5a4:	011f1333          	sll	t1,t5,a7
 5a8:	fff34313          	not	t1,t1
 5ac:	00e37733          	and	a4,t1,a4
 5b0:	011818b3          	sll	a7,a6,a7
 5b4:	00e8e733          	or	a4,a7,a4
 5b8:	07f79763          	bne	a5,t6,626 <GPIO_Init+0xe0>
 5bc:	c950                	sw	a2,20(a0)
 5be:	0685                	addi	a3,a3,1
 5c0:	fdc69ae3          	bne	a3,t3,594 <GPIO_Init+0x4e>
 5c4:	c118                	sw	a4,0(a0)
 5c6:	0ff00713          	li	a4,255
 5ca:	04b77563          	bgeu	a4,a1,614 <GPIO_Init+0xce>
 5ce:	4154                	lw	a3,4(a0)
 5d0:	4621                	li	a2,8
 5d2:	4e85                	li	t4,1
 5d4:	4f3d                	li	t5,15
 5d6:	02800f93          	li	t6,40
 5da:	04800293          	li	t0,72
 5de:	4e41                	li	t3,16
 5e0:	00ce98b3          	sll	a7,t4,a2
 5e4:	0115f733          	and	a4,a1,a7
 5e8:	02e89263          	bne	a7,a4,60c <GPIO_Init+0xc6>
 5ec:	00261713          	slli	a4,a2,0x2
 5f0:	1701                	addi	a4,a4,-32
 5f2:	00ef1333          	sll	t1,t5,a4
 5f6:	fff34313          	not	t1,t1
 5fa:	00d376b3          	and	a3,t1,a3
 5fe:	00e81733          	sll	a4,a6,a4
 602:	8ed9                	or	a3,a3,a4
 604:	03f79563          	bne	a5,t6,62e <GPIO_Init+0xe8>
 608:	01152a23          	sw	a7,20(a0)
 60c:	0605                	addi	a2,a2,1
 60e:	fdc619e3          	bne	a2,t3,5e0 <GPIO_Init+0x9a>
 612:	c154                	sw	a3,4(a0)
 614:	8082                	ret
 616:	40011737          	lui	a4,0x40011
 61a:	f6e510e3          	bne	a0,a4,57a <GPIO_Init+0x34>
 61e:	8081c703          	lbu	a4,-2040(gp) # 20000008 <_edata>
 622:	df21                	beqz	a4,57a <GPIO_Init+0x34>
 624:	bf81                	j	574 <GPIO_Init+0x2e>
 626:	f8579ce3          	bne	a5,t0,5be <GPIO_Init+0x78>
 62a:	c910                	sw	a2,16(a0)
 62c:	bf49                	j	5be <GPIO_Init+0x78>
 62e:	fc579fe3          	bne	a5,t0,60c <GPIO_Init+0xc6>
 632:	01152823          	sw	a7,16(a0)
 636:	bfd9                	j	60c <GPIO_Init+0xc6>

00000638 <RCC_APB2PeriphClockCmd>:
 638:	c599                	beqz	a1,646 <RCC_APB2PeriphClockCmd+0xe>
 63a:	40021737          	lui	a4,0x40021
 63e:	4f1c                	lw	a5,24(a4)
 640:	8d5d                	or	a0,a0,a5
 642:	cf08                	sw	a0,24(a4)
 644:	8082                	ret
 646:	400217b7          	lui	a5,0x40021
 64a:	4f98                	lw	a4,24(a5)
 64c:	fff54513          	not	a0,a0
 650:	8d79                	and	a0,a0,a4
 652:	cf88                	sw	a0,24(a5)
 654:	8082                	ret

00000656 <TIM_TimeBaseInit>:
 656:	211e                	lhu	a5,0(a0)
 658:	40013737          	lui	a4,0x40013
 65c:	c0070713          	addi	a4,a4,-1024 # 40012c00 <_eusrstack+0x2000dc00>
 660:	07c2                	slli	a5,a5,0x10
 662:	83c1                	srli	a5,a5,0x10
 664:	02e50463          	beq	a0,a4,68c <TIM_TimeBaseInit+0x36>
 668:	40000737          	lui	a4,0x40000
 66c:	02e50063          	beq	a0,a4,68c <TIM_TimeBaseInit+0x36>
 670:	40070713          	addi	a4,a4,1024 # 40000400 <_eusrstack+0x1fffb400>
 674:	00e50c63          	beq	a0,a4,68c <TIM_TimeBaseInit+0x36>
 678:	40001737          	lui	a4,0x40001
 67c:	80070693          	addi	a3,a4,-2048 # 40000800 <_eusrstack+0x1fffb800>
 680:	00d50663          	beq	a0,a3,68c <TIM_TimeBaseInit+0x36>
 684:	c0070713          	addi	a4,a4,-1024
 688:	00e51663          	bne	a0,a4,694 <TIM_TimeBaseInit+0x3e>
 68c:	21ba                	lhu	a4,2(a1)
 68e:	f8f7f793          	andi	a5,a5,-113
 692:	8fd9                	or	a5,a5,a4
 694:	21fa                	lhu	a4,6(a1)
 696:	cff7f793          	andi	a5,a5,-769
 69a:	07c2                	slli	a5,a5,0x10
 69c:	83c1                	srli	a5,a5,0x10
 69e:	8fd9                	or	a5,a5,a4
 6a0:	a11e                	sh	a5,0(a0)
 6a2:	21de                	lhu	a5,4(a1)
 6a4:	b55e                	sh	a5,44(a0)
 6a6:	219e                	lhu	a5,0(a1)
 6a8:	b51e                	sh	a5,40(a0)
 6aa:	400137b7          	lui	a5,0x40013
 6ae:	c0078793          	addi	a5,a5,-1024 # 40012c00 <_eusrstack+0x2000dc00>
 6b2:	00f51463          	bne	a0,a5,6ba <TIM_TimeBaseInit+0x64>
 6b6:	259c                	lbu	a5,8(a1)
 6b8:	b91e                	sh	a5,48(a0)
 6ba:	4785                	li	a5,1
 6bc:	a95e                	sh	a5,20(a0)
 6be:	8082                	ret

000006c0 <TIM_OC1Init>:
 6c0:	311e                	lhu	a5,32(a0)
 6c2:	2192                	lhu	a2,0(a1)
 6c4:	0025d803          	lhu	a6,2(a1)
 6c8:	07c2                	slli	a5,a5,0x10
 6ca:	83c1                	srli	a5,a5,0x10
 6cc:	9bf9                	andi	a5,a5,-2
 6ce:	07c2                	slli	a5,a5,0x10
 6d0:	83c1                	srli	a5,a5,0x10
 6d2:	b11e                	sh	a5,32(a0)
 6d4:	311e                	lhu	a5,32(a0)
 6d6:	2156                	lhu	a3,4(a0)
 6d8:	2d1a                	lhu	a4,24(a0)
 6da:	07c2                	slli	a5,a5,0x10
 6dc:	83c1                	srli	a5,a5,0x10
 6de:	0742                	slli	a4,a4,0x10
 6e0:	8341                	srli	a4,a4,0x10
 6e2:	f8c77713          	andi	a4,a4,-116
 6e6:	8f51                	or	a4,a4,a2
 6e8:	2592                	lhu	a2,8(a1)
 6ea:	9bf5                	andi	a5,a5,-3
 6ec:	06c2                	slli	a3,a3,0x10
 6ee:	01066633          	or	a2,a2,a6
 6f2:	8fd1                	or	a5,a5,a2
 6f4:	40013637          	lui	a2,0x40013
 6f8:	c0060613          	addi	a2,a2,-1024 # 40012c00 <_eusrstack+0x2000dc00>
 6fc:	82c1                	srli	a3,a3,0x10
 6fe:	02c51063          	bne	a0,a2,71e <TIM_OC1Init+0x5e>
 702:	25b2                	lhu	a2,10(a1)
 704:	9bdd                	andi	a5,a5,-9
 706:	00e5d803          	lhu	a6,14(a1)
 70a:	8fd1                	or	a5,a5,a2
 70c:	21d2                	lhu	a2,4(a1)
 70e:	9bed                	andi	a5,a5,-5
 710:	cff6f693          	andi	a3,a3,-769
 714:	8fd1                	or	a5,a5,a2
 716:	25d2                	lhu	a2,12(a1)
 718:	01066633          	or	a2,a2,a6
 71c:	8ed1                	or	a3,a3,a2
 71e:	a156                	sh	a3,4(a0)
 720:	ad1a                	sh	a4,24(a0)
 722:	21fa                	lhu	a4,6(a1)
 724:	b95a                	sh	a4,52(a0)
 726:	b11e                	sh	a5,32(a0)
 728:	8082                	ret

0000072a <TIM_OC2Init>:
 72a:	311e                	lhu	a5,32(a0)
 72c:	7765                	lui	a4,0xffff9
 72e:	cff70713          	addi	a4,a4,-769 # ffff8cff <_eusrstack+0xdfff3cff>
 732:	07c2                	slli	a5,a5,0x10
 734:	83c1                	srli	a5,a5,0x10
 736:	9bbd                	andi	a5,a5,-17
 738:	07c2                	slli	a5,a5,0x10
 73a:	83c1                	srli	a5,a5,0x10
 73c:	b11e                	sh	a5,32(a0)
 73e:	311e                	lhu	a5,32(a0)
 740:	2156                	lhu	a3,4(a0)
 742:	0085d803          	lhu	a6,8(a1)
 746:	07c2                	slli	a5,a5,0x10
 748:	01069613          	slli	a2,a3,0x10
 74c:	2d16                	lhu	a3,24(a0)
 74e:	83c1                	srli	a5,a5,0x10
 750:	fdf7f793          	andi	a5,a5,-33
 754:	8f75                	and	a4,a4,a3
 756:	2196                	lhu	a3,0(a1)
 758:	8241                	srli	a2,a2,0x10
 75a:	06a2                	slli	a3,a3,0x8
 75c:	8f55                	or	a4,a4,a3
 75e:	21b6                	lhu	a3,2(a1)
 760:	0742                	slli	a4,a4,0x10
 762:	8341                	srli	a4,a4,0x10
 764:	0106e6b3          	or	a3,a3,a6
 768:	0692                	slli	a3,a3,0x4
 76a:	8fd5                	or	a5,a5,a3
 76c:	400136b7          	lui	a3,0x40013
 770:	07c2                	slli	a5,a5,0x10
 772:	c0068693          	addi	a3,a3,-1024 # 40012c00 <_eusrstack+0x2000dc00>
 776:	83c1                	srli	a5,a5,0x10
 778:	02d51e63          	bne	a0,a3,7b4 <TIM_OC2Init+0x8a>
 77c:	25b6                	lhu	a3,10(a1)
 77e:	f7f7f793          	andi	a5,a5,-129
 782:	00c5d803          	lhu	a6,12(a1)
 786:	0692                	slli	a3,a3,0x4
 788:	8fd5                	or	a5,a5,a3
 78a:	21d6                	lhu	a3,4(a1)
 78c:	07c2                	slli	a5,a5,0x10
 78e:	83c1                	srli	a5,a5,0x10
 790:	0692                	slli	a3,a3,0x4
 792:	fbf7f793          	andi	a5,a5,-65
 796:	8fd5                	or	a5,a5,a3
 798:	76fd                	lui	a3,0xfffff
 79a:	3ff68693          	addi	a3,a3,1023 # fffff3ff <_eusrstack+0xdfffa3ff>
 79e:	8ef1                	and	a3,a3,a2
 7a0:	25f2                	lhu	a2,14(a1)
 7a2:	07c2                	slli	a5,a5,0x10
 7a4:	83c1                	srli	a5,a5,0x10
 7a6:	01066633          	or	a2,a2,a6
 7aa:	060a                	slli	a2,a2,0x2
 7ac:	8ed1                	or	a3,a3,a2
 7ae:	01069613          	slli	a2,a3,0x10
 7b2:	8241                	srli	a2,a2,0x10
 7b4:	a152                	sh	a2,4(a0)
 7b6:	ad1a                	sh	a4,24(a0)
 7b8:	21fa                	lhu	a4,6(a1)
 7ba:	bd1a                	sh	a4,56(a0)
 7bc:	b11e                	sh	a5,32(a0)
 7be:	8082                	ret

000007c0 <TIM_OC3Init>:
 7c0:	311e                	lhu	a5,32(a0)
 7c2:	0085d803          	lhu	a6,8(a1)
 7c6:	07c2                	slli	a5,a5,0x10
 7c8:	83c1                	srli	a5,a5,0x10
 7ca:	eff7f793          	andi	a5,a5,-257
 7ce:	07c2                	slli	a5,a5,0x10
 7d0:	83c1                	srli	a5,a5,0x10
 7d2:	b11e                	sh	a5,32(a0)
 7d4:	311e                	lhu	a5,32(a0)
 7d6:	2156                	lhu	a3,4(a0)
 7d8:	2d5a                	lhu	a4,28(a0)
 7da:	07c2                	slli	a5,a5,0x10
 7dc:	01069613          	slli	a2,a3,0x10
 7e0:	0742                	slli	a4,a4,0x10
 7e2:	2196                	lhu	a3,0(a1)
 7e4:	8341                	srli	a4,a4,0x10
 7e6:	f8c77713          	andi	a4,a4,-116
 7ea:	8f55                	or	a4,a4,a3
 7ec:	21b6                	lhu	a3,2(a1)
 7ee:	83c1                	srli	a5,a5,0x10
 7f0:	dff7f793          	andi	a5,a5,-513
 7f4:	0106e6b3          	or	a3,a3,a6
 7f8:	06a2                	slli	a3,a3,0x8
 7fa:	8fd5                	or	a5,a5,a3
 7fc:	400136b7          	lui	a3,0x40013
 800:	07c2                	slli	a5,a5,0x10
 802:	c0068693          	addi	a3,a3,-1024 # 40012c00 <_eusrstack+0x2000dc00>
 806:	8241                	srli	a2,a2,0x10
 808:	83c1                	srli	a5,a5,0x10
 80a:	02d51f63          	bne	a0,a3,848 <__stack_size+0x48>
 80e:	76fd                	lui	a3,0xfffff
 810:	7ff68693          	addi	a3,a3,2047 # fffff7ff <_eusrstack+0xdfffa7ff>
 814:	8ff5                	and	a5,a5,a3
 816:	25b6                	lhu	a3,10(a1)
 818:	00c5d803          	lhu	a6,12(a1)
 81c:	06a2                	slli	a3,a3,0x8
 81e:	8fd5                	or	a5,a5,a3
 820:	21d6                	lhu	a3,4(a1)
 822:	07c2                	slli	a5,a5,0x10
 824:	83c1                	srli	a5,a5,0x10
 826:	06a2                	slli	a3,a3,0x8
 828:	bff7f793          	andi	a5,a5,-1025
 82c:	8fd5                	or	a5,a5,a3
 82e:	76f5                	lui	a3,0xffffd
 830:	16fd                	addi	a3,a3,-1
 832:	8ef1                	and	a3,a3,a2
 834:	25f2                	lhu	a2,14(a1)
 836:	07c2                	slli	a5,a5,0x10
 838:	83c1                	srli	a5,a5,0x10
 83a:	01066633          	or	a2,a2,a6
 83e:	0612                	slli	a2,a2,0x4
 840:	8ed1                	or	a3,a3,a2
 842:	01069613          	slli	a2,a3,0x10
 846:	8241                	srli	a2,a2,0x10
 848:	a152                	sh	a2,4(a0)
 84a:	ad5a                	sh	a4,28(a0)
 84c:	21fa                	lhu	a4,6(a1)
 84e:	bd5a                	sh	a4,60(a0)
 850:	b11e                	sh	a5,32(a0)
 852:	8082                	ret

00000854 <TIM_BDTRConfig>:
 854:	21ba                	lhu	a4,2(a1)
 856:	219e                	lhu	a5,0(a1)
 858:	8fd9                	or	a5,a5,a4
 85a:	21da                	lhu	a4,4(a1)
 85c:	8fd9                	or	a5,a5,a4
 85e:	21fa                	lhu	a4,6(a1)
 860:	8fd9                	or	a5,a5,a4
 862:	259a                	lhu	a4,8(a1)
 864:	8fd9                	or	a5,a5,a4
 866:	25ba                	lhu	a4,10(a1)
 868:	8fd9                	or	a5,a5,a4
 86a:	25da                	lhu	a4,12(a1)
 86c:	8fd9                	or	a5,a5,a4
 86e:	04f51223          	sh	a5,68(a0)
 872:	8082                	ret

00000874 <TIM_Cmd>:
 874:	211e                	lhu	a5,0(a0)
 876:	c589                	beqz	a1,880 <TIM_Cmd+0xc>
 878:	0017e793          	ori	a5,a5,1
 87c:	a11e                	sh	a5,0(a0)
 87e:	8082                	ret
 880:	07c2                	slli	a5,a5,0x10
 882:	83c1                	srli	a5,a5,0x10
 884:	9bf9                	andi	a5,a5,-2
 886:	07c2                	slli	a5,a5,0x10
 888:	83c1                	srli	a5,a5,0x10
 88a:	bfcd                	j	87c <TIM_Cmd+0x8>

0000088c <TIM_CtrlPWMOutputs>:
 88c:	04455783          	lhu	a5,68(a0)
 890:	c591                	beqz	a1,89c <TIM_CtrlPWMOutputs+0x10>
 892:	6721                	lui	a4,0x8
 894:	8fd9                	or	a5,a5,a4
 896:	04f51223          	sh	a5,68(a0)
 89a:	8082                	ret
 89c:	07c6                	slli	a5,a5,0x11
 89e:	83c5                	srli	a5,a5,0x11
 8a0:	bfdd                	j	896 <TIM_CtrlPWMOutputs+0xa>

000008a2 <TIM_ARRPreloadConfig>:
 8a2:	211e                	lhu	a5,0(a0)
 8a4:	c589                	beqz	a1,8ae <TIM_ARRPreloadConfig+0xc>
 8a6:	0807e793          	ori	a5,a5,128
 8aa:	a11e                	sh	a5,0(a0)
 8ac:	8082                	ret
 8ae:	07c2                	slli	a5,a5,0x10
 8b0:	83c1                	srli	a5,a5,0x10
 8b2:	f7f7f793          	andi	a5,a5,-129
 8b6:	07c2                	slli	a5,a5,0x10
 8b8:	83c1                	srli	a5,a5,0x10
 8ba:	bfc5                	j	8aa <TIM_ARRPreloadConfig+0x8>

000008bc <TIM_OC1PreloadConfig>:
 8bc:	2d1e                	lhu	a5,24(a0)
 8be:	07c2                	slli	a5,a5,0x10
 8c0:	83c1                	srli	a5,a5,0x10
 8c2:	9bdd                	andi	a5,a5,-9
 8c4:	8ddd                	or	a1,a1,a5
 8c6:	ad0e                	sh	a1,24(a0)
 8c8:	8082                	ret

000008ca <TIM_OC2PreloadConfig>:
 8ca:	2d1a                	lhu	a4,24(a0)
 8cc:	77fd                	lui	a5,0xfffff
 8ce:	7ff78793          	addi	a5,a5,2047 # fffff7ff <_eusrstack+0xdfffa7ff>
 8d2:	8ff9                	and	a5,a5,a4
 8d4:	05a2                	slli	a1,a1,0x8
 8d6:	8fcd                	or	a5,a5,a1
 8d8:	07c2                	slli	a5,a5,0x10
 8da:	83c1                	srli	a5,a5,0x10
 8dc:	ad1e                	sh	a5,24(a0)
 8de:	8082                	ret

000008e0 <TIM_OC3PreloadConfig>:
 8e0:	2d5e                	lhu	a5,28(a0)
 8e2:	07c2                	slli	a5,a5,0x10
 8e4:	83c1                	srli	a5,a5,0x10
 8e6:	9bdd                	andi	a5,a5,-9
 8e8:	8ddd                	or	a1,a1,a5
 8ea:	ad4e                	sh	a1,28(a0)
 8ec:	8082                	ret

000008ee <Delay_Init>:
 8ee:	200007b7          	lui	a5,0x20000
 8f2:	0007a783          	lw	a5,0(a5) # 20000000 <_data_vma>
 8f6:	007a1737          	lui	a4,0x7a1
 8fa:	20070713          	addi	a4,a4,512 # 7a1200 <_data_lma+0x7a0750>
 8fe:	02e7d7b3          	divu	a5,a5,a4
 902:	0ff7f793          	andi	a5,a5,255
 906:	80f18623          	sb	a5,-2036(gp) # 2000000c <p_us>
 90a:	3e800713          	li	a4,1000
 90e:	02e787b3          	mul	a5,a5,a4
 912:	80f19523          	sh	a5,-2038(gp) # 2000000a <p_ms>
 916:	8082                	ret

00000918 <Delay_Ms>:
 918:	e000f7b7          	lui	a5,0xe000f
 91c:	43d8                	lw	a4,4(a5)
 91e:	4681                	li	a3,0
 920:	9b79                	andi	a4,a4,-2
 922:	c3d8                	sw	a4,4(a5)
 924:	80a1d703          	lhu	a4,-2038(gp) # 2000000a <p_ms>
 928:	02a70633          	mul	a2,a4,a0
 92c:	cb90                	sw	a2,16(a5)
 92e:	cbd4                	sw	a3,20(a5)
 930:	4398                	lw	a4,0(a5)
 932:	01076713          	ori	a4,a4,16
 936:	c398                	sw	a4,0(a5)
 938:	4398                	lw	a4,0(a5)
 93a:	02176713          	ori	a4,a4,33
 93e:	c398                	sw	a4,0(a5)
 940:	43d8                	lw	a4,4(a5)
 942:	8b05                	andi	a4,a4,1
 944:	df75                	beqz	a4,940 <Delay_Ms+0x28>
 946:	4398                	lw	a4,0(a5)
 948:	9b79                	andi	a4,a4,-2
 94a:	c398                	sw	a4,0(a5)
 94c:	8082                	ret
	...

00000950 <pinmap_motor>:
 950:	0800 4001 0100 0000 2c00 4001 0000 0000     ...@.....,.@....
 960:	0800 4001 0200 0000 2c00 4001 0004 0000     ...@.....,.@....
 970:	0800 4001 0400 0000 2c00 4001 0008 0000     ...@.....,.@....
 980:	0c00 4001 1000 0000 2c00 4001 0000 0000     ...@.....,.@....
 990:	0c00 4001 2000 0000 2c00 4001 0004 0000     ...@. ...,.@....
 9a0:	0c00 4001 4000 0000 2c00 4001 0008 0000     ...@.@...,.@....

000009b0 <pinmap_timer>:
 9b0:	0800 4001 0100 0000 2c00 4001 0000 0000     ...@.....,.@....
 9c0:	0800 4001 0200 0000 2c00 4001 0004 0000     ...@.....,.@....
 9d0:	0800 4001 0400 0000 2c00 4001 0008 0000     ...@.....,.@....
 9e0:	0800 4001 0800 0000 2c00 4001 000c 0000     ...@.....,.@....
 9f0:	0800 4001 0001 0000 0000 4000 0000 0000     ...@.......@....
 a00:	0800 4001 0002 0000 0000 4000 0004 0000     ...@.......@....
 a10:	0800 4001 0004 0000 0000 4000 0008 0000     ...@.......@....
 a20:	0800 4001 0008 0000 0000 4000 000c 0000     ...@.......@....
 a30:	0800 4001 0040 0000 0400 4000 0000 0000     ...@@......@....
 a40:	0800 4001 0080 0000 0400 4000 0004 0000     ...@.......@....
 a50:	0c00 4001 0001 0000 0400 4000 0008 0000     ...@.......@....
 a60:	0c00 4001 0002 0000 0400 4000 000c 0000     ...@.......@....
 a70:	0c00 4001 0040 0000 0800 4000 0000 0000     ...@@......@....
 a80:	0c00 4001 0080 0000 0800 4000 0004 0000     ...@.......@....
 a90:	0c00 4001 0100 0000 0800 4000 0008 0000     ...@.......@....
 aa0:	0c00 4001 0200 0000 0800 4000 000c 0000     ...@.......@....
